2024-12-21 15:00:23,143 - INFO - Logging started, log file: logs\wine_predictor_20241221_150023.log
2024-12-21 15:00:23,145 - INFO - Loading dataset...
2024-12-21 15:00:23,148 - INFO - Dataset loaded successfully.
2024-12-21 15:00:23,150 - INFO - Preprocessing data...
2024-12-21 15:00:23,155 - INFO - Data preprocessing completed.
2024-12-21 15:00:23,157 - INFO - Splitting data into train and test sets with test_size=0.2...
2024-12-21 15:00:23,165 - INFO - Data split successfully with stratification.
2024-12-21 15:00:23,166 - INFO - Training SVM classification model...
2024-12-21 15:00:34,947 - INFO - SVM classification model trained successfully with parameters: {'C': 15, 'gamma': 'scale', 'kernel': 'rbf'}, the best score is 0.5840637450199203
2024-12-21 15:00:34,951 - INFO - Cross-Validation Accuracy for SVM: 0.5840637450199203
2024-12-21 15:00:34,952 - INFO - Training Random Forest classification model...
2024-12-21 15:01:16,873 - INFO - Random Forest classification model trained successfully with parameters: {'max_depth': 20, 'min_samples_leaf': 1, 'min_samples_split': 3, 'n_estimators': 100, 'oob_score': True}, the best score is 0.6964143426294822
2024-12-21 15:01:16,875 - INFO - Cross-Validation Accuracy for RF: 0.6964143426294822
2024-12-21 15:01:16,876 - INFO - Comparing models...
2024-12-21 15:01:16,931 - INFO - Accuracy for svm: 0.589171974522293
2024-12-21 15:01:16,935 - INFO - MAE for svm: 0.46496815286624205
2024-12-21 15:01:16,950 - INFO - Classification Report for svm:
              precision    recall  f1-score   support

           3       0.00      0.00      0.00         2
           4       0.14      0.27      0.18        11
           5       0.66      0.63      0.65       134
           6       0.61      0.57      0.59       125
           7       0.56      0.64      0.60        39
           8       0.33      0.33      0.33         3

    accuracy                           0.59       314
   macro avg       0.38      0.41      0.39       314
weighted avg       0.60      0.59      0.59       314

2024-12-21 15:01:16,964 - INFO - Confusion Matrix for svm:
[[ 0  1  0  1  0  0]
 [ 0  3  6  2  0  0]
 [ 0 15 85 31  3  0]
 [ 0  3 33 71 17  1]
 [ 0  0  2 11 25  1]
 [ 0  0  2  0  0  1]]
2024-12-21 15:01:16,986 - INFO - Accuracy for rf: 0.6751592356687898
2024-12-21 15:01:16,989 - INFO - MAE for rf: 0.34394904458598724
2024-12-21 15:01:17,003 - INFO - Classification Report for rf:
              precision    recall  f1-score   support

           3       0.00      0.00      0.00         2
           4       0.00      0.00      0.00        11
           5       0.70      0.74      0.72       134
           6       0.63      0.74      0.68       125
           7       0.83      0.51      0.63        39
           8       1.00      0.33      0.50         3

    accuracy                           0.68       314
   macro avg       0.53      0.39      0.42       314
weighted avg       0.66      0.68      0.66       314

2024-12-21 15:01:17,014 - INFO - Confusion Matrix for rf:
[[ 0  1  1  0  0  0]
 [ 0  0 10  1  0  0]
 [ 0  0 99 35  0  0]
 [ 0  0 29 92  4  0]
 [ 0  0  2 17 20  0]
 [ 0  0  0  2  0  1]]
2024-12-21 15:01:17,097 - INFO - Predicting new data...
2024-12-21 15:01:17,117 - INFO - Predictions added to new data and saved to 'new_data_with_predictions.csv'
